  proj2_20211522.c
C:\Users\user\Desktop\서강대 과제\1-2\c언어\Project2\Project2\proj2_20211522.c(8,16): warning C4996: 'fopen': This function or variable may be unsafe. Consider using fopen_s instead. To disable deprecation, use _CRT_SECURE_NO_WARNINGS. See online help for details.
C:\Users\user\Desktop\서강대 과제\1-2\c언어\Project2\Project2\proj2_20211522.c(9,15): warning C4996: 'fopen': This function or variable may be unsafe. Consider using fopen_s instead. To disable deprecation, use _CRT_SECURE_NO_WARNINGS. See online help for details.
C:\Users\user\Desktop\서강대 과제\1-2\c언어\Project2\Project2\proj2_20211522.c(10,15): warning C4996: 'fopen': This function or variable may be unsafe. Consider using fopen_s instead. To disable deprecation, use _CRT_SECURE_NO_WARNINGS. See online help for details.
C:\Users\user\Desktop\서강대 과제\1-2\c언어\Project2\Project2\proj2_20211522.c(11,15): warning C4996: 'fopen': This function or variable may be unsafe. Consider using fopen_s instead. To disable deprecation, use _CRT_SECURE_NO_WARNINGS. See online help for details.
C:\Users\user\Desktop\서강대 과제\1-2\c언어\Project2\Project2\proj2_20211522.c(63,3): warning C4996: 'fscanf': This function or variable may be unsafe. Consider using fscanf_s instead. To disable deprecation, use _CRT_SECURE_NO_WARNINGS. See online help for details.
C:\Users\user\Desktop\서강대 과제\1-2\c언어\Project2\Project2\proj2_20211522.c(94,3): warning C4996: 'fscanf': This function or variable may be unsafe. Consider using fscanf_s instead. To disable deprecation, use _CRT_SECURE_NO_WARNINGS. See online help for details.
C:\Users\user\Desktop\서강대 과제\1-2\c언어\Project2\Project2\proj2_20211522.c(168,3): warning C4996: 'scanf': This function or variable may be unsafe. Consider using scanf_s instead. To disable deprecation, use _CRT_SECURE_NO_WARNINGS. See online help for details.
C:\Users\user\Desktop\서강대 과제\1-2\c언어\Project2\Project2\proj2_20211522.c(180,4): warning C4996: 'scanf': This function or variable may be unsafe. Consider using scanf_s instead. To disable deprecation, use _CRT_SECURE_NO_WARNINGS. See online help for details.
C:\Users\user\Desktop\서강대 과제\1-2\c언어\Project2\Project2\proj2_20211522.c(193,4): warning C4996: 'scanf': This function or variable may be unsafe. Consider using scanf_s instead. To disable deprecation, use _CRT_SECURE_NO_WARNINGS. See online help for details.
C:\Users\user\Desktop\서강대 과제\1-2\c언어\Project2\Project2\proj2_20211522.c(195,4): warning C4996: 'scanf': This function or variable may be unsafe. Consider using scanf_s instead. To disable deprecation, use _CRT_SECURE_NO_WARNINGS. See online help for details.
C:\Users\user\Desktop\서강대 과제\1-2\c언어\Project2\Project2\proj2_20211522.c(207,4): warning C4996: 'scanf': This function or variable may be unsafe. Consider using scanf_s instead. To disable deprecation, use _CRT_SECURE_NO_WARNINGS. See online help for details.
C:\Users\user\Desktop\서강대 과제\1-2\c언어\Project2\Project2\proj2_20211522.c(209,4): warning C4996: 'scanf': This function or variable may be unsafe. Consider using scanf_s instead. To disable deprecation, use _CRT_SECURE_NO_WARNINGS. See online help for details.
C:\Users\user\Desktop\서강대 과제\1-2\c언어\Project2\Project2\proj2_20211522.c(221,4): warning C4996: 'scanf': This function or variable may be unsafe. Consider using scanf_s instead. To disable deprecation, use _CRT_SECURE_NO_WARNINGS. See online help for details.
C:\Users\user\Desktop\서강대 과제\1-2\c언어\Project2\Project2\proj2_20211522.c(223,4): warning C4996: 'scanf': This function or variable may be unsafe. Consider using scanf_s instead. To disable deprecation, use _CRT_SECURE_NO_WARNINGS. See online help for details.
C:\Users\user\Desktop\서강대 과제\1-2\c언어\Project2\Project2\proj2_20211522.c(235,4): warning C4996: 'scanf': This function or variable may be unsafe. Consider using scanf_s instead. To disable deprecation, use _CRT_SECURE_NO_WARNINGS. See online help for details.
C:\Users\user\Desktop\서강대 과제\1-2\c언어\Project2\Project2\proj2_20211522.c(237,4): warning C4996: 'scanf': This function or variable may be unsafe. Consider using scanf_s instead. To disable deprecation, use _CRT_SECURE_NO_WARNINGS. See online help for details.
C:\Users\user\Desktop\서강대 과제\1-2\c언어\Project2\Project2\proj2_20211522.c(249,4): warning C4996: 'scanf': This function or variable may be unsafe. Consider using scanf_s instead. To disable deprecation, use _CRT_SECURE_NO_WARNINGS. See online help for details.
C:\Users\user\Desktop\서강대 과제\1-2\c언어\Project2\Project2\proj2_20211522.c(251,4): warning C4996: 'scanf': This function or variable may be unsafe. Consider using scanf_s instead. To disable deprecation, use _CRT_SECURE_NO_WARNINGS. See online help for details.
C:\Users\user\Desktop\서강대 과제\1-2\c언어\Project2\Project2\proj2_20211522.c(253,4): warning C4996: 'scanf': This function or variable may be unsafe. Consider using scanf_s instead. To disable deprecation, use _CRT_SECURE_NO_WARNINGS. See online help for details.
C:\Users\user\Desktop\서강대 과제\1-2\c언어\Project2\Project2\proj2_20211522.c(328,2): warning C4996: 'scanf': This function or variable may be unsafe. Consider using scanf_s instead. To disable deprecation, use _CRT_SECURE_NO_WARNINGS. See online help for details.
C:\Users\user\Desktop\서강대 과제\1-2\c언어\Project2\Project2\proj2_20211522.c(330,2): warning C4996: 'scanf': This function or variable may be unsafe. Consider using scanf_s instead. To disable deprecation, use _CRT_SECURE_NO_WARNINGS. See online help for details.
C:\Users\user\Desktop\서강대 과제\1-2\c언어\Project2\Project2\proj2_20211522.c(332,2): warning C4996: 'scanf': This function or variable may be unsafe. Consider using scanf_s instead. To disable deprecation, use _CRT_SECURE_NO_WARNINGS. See online help for details.
C:\Users\user\Desktop\서강대 과제\1-2\c언어\Project2\Project2\proj2_20211522.c(334,2): warning C4996: 'scanf': This function or variable may be unsafe. Consider using scanf_s instead. To disable deprecation, use _CRT_SECURE_NO_WARNINGS. See online help for details.
C:\Users\user\Desktop\서강대 과제\1-2\c언어\Project2\Project2\proj2_20211522.c(336,2): warning C4996: 'scanf': This function or variable may be unsafe. Consider using scanf_s instead. To disable deprecation, use _CRT_SECURE_NO_WARNINGS. See online help for details.
C:\Users\user\Desktop\서강대 과제\1-2\c언어\Project2\Project2\proj2_20211522.c(338,2): warning C4996: 'scanf': This function or variable may be unsafe. Consider using scanf_s instead. To disable deprecation, use _CRT_SECURE_NO_WARNINGS. See online help for details.
C:\Users\user\Desktop\서강대 과제\1-2\c언어\Project2\Project2\proj2_20211522.c(472,4): warning C4996: 'strcpy': This function or variable may be unsafe. Consider using strcpy_s instead. To disable deprecation, use _CRT_SECURE_NO_WARNINGS. See online help for details.
C:\Users\user\Desktop\서강대 과제\1-2\c언어\Project2\Project2\proj2_20211522.c(501,4): warning C4996: 'strcpy': This function or variable may be unsafe. Consider using strcpy_s instead. To disable deprecation, use _CRT_SECURE_NO_WARNINGS. See online help for details.
C:\Users\user\Desktop\서강대 과제\1-2\c언어\Project2\Project2\proj2_20211522.c(555,4): warning C4996: 'strcpy': This function or variable may be unsafe. Consider using strcpy_s instead. To disable deprecation, use _CRT_SECURE_NO_WARNINGS. See online help for details.
  Project2.vcxproj -> C:\Users\user\Desktop\서강대 과제\1-2\c언어\Project2\Debug\Project2.exe
